<?xml version="1.0" encoding="UTF-8"?>
<!-- Generated by org.testng.reporters.JUnitReportReporter -->
<testsuite hostname="MacBook-Air.local" failures="0" tests="8" name="com.createIncident.ios.CreateIncident_118" time="4842.437" errors="0" timestamp="2023-08-20T23:03:04 IST" skipped="0">
  <testcase classname="com.createIncident.ios.CreateIncident_118" name="ts01incident" time="1060.710"/>
  <testcase classname="com.createIncident.ios.CreateIncident_118" name="ts02incident" time="861.150"/>
  <testcase classname="com.createIncident.ios.CreateIncident_118" name="ts03incident" time="1231.668"/>
  <testcase classname="com.createIncident.ios.CreateIncident_118" name="ts04incident" time="677.914"/>
  <testcase classname="com.createIncident.ios.CreateIncident_118" name="ts05incident" time="39.261"/>
  <testcase classname="com.createIncident.ios.CreateIncident_118" name="ts06incident" time="33.432"/>
  <testcase classname="com.createIncident.ios.CreateIncident_118" name="ts07incident" time="455.095"/>
  <testcase classname="com.createIncident.ios.CreateIncident_118" name="ts08incident" time="483.207"/>
</testsuite> <!-- com.createIncident.ios.CreateIncident_118 -->
