<?xml version="1.0" encoding="UTF-8"?>
<!-- Generated by org.testng.reporters.JUnitReportReporter -->
<testsuite hostname="Mac-mini" failures="0" tests="1" name="com.check.func.incidentschecktest" time="55.435" errors="0" timestamp="2023-06-20T11:07:18 IST" skipped="0">
  <testcase classname="com.check.func.incidentschecktest" name="incidentsearch" time="55.435"/>
</testsuite> <!-- com.check.func.incidentschecktest -->
