<?xml version="1.0" encoding="UTF-8"?>
<!-- Generated by org.testng.reporters.JUnitReportReporter -->
<testsuite hostname="MacBook-Air.local" failures="0" tests="8" name="com.createIncident.ios.CreateIncident_123" time="5204.699" errors="0" timestamp="2023-08-21T06:23:27 IST" skipped="0">
  <testcase classname="com.createIncident.ios.CreateIncident_123" name="ts01incident" time="1251.311"/>
  <testcase classname="com.createIncident.ios.CreateIncident_123" name="ts02incident" time="811.782"/>
  <testcase classname="com.createIncident.ios.CreateIncident_123" name="ts03incident" time="1183.520"/>
  <testcase classname="com.createIncident.ios.CreateIncident_123" name="ts04incident" time="361.480"/>
  <testcase classname="com.createIncident.ios.CreateIncident_123" name="ts05incident" time="227.416"/>
  <testcase classname="com.createIncident.ios.CreateIncident_123" name="ts06incident" time="403.942"/>
  <testcase classname="com.createIncident.ios.CreateIncident_123" name="ts07incident" time="462.248"/>
  <testcase classname="com.createIncident.ios.CreateIncident_123" name="ts08incident" time="503.000"/>
</testsuite> <!-- com.createIncident.ios.CreateIncident_123 -->
