<?xml version="1.0" encoding="UTF-8"?>
<!-- Generated by org.testng.reporters.JUnitReportReporter -->
<testsuite hostname="MacBook-Air.local" failures="0" tests="8" name="com.createIncident.ios.CreateIncident_161" time="2761.785" errors="0" timestamp="2023-08-23T16:04:03 IST" skipped="0">
  <testcase classname="com.createIncident.ios.CreateIncident_161" name="ts01incident" time="781.111"/>
  <testcase classname="com.createIncident.ios.CreateIncident_161" name="ts02incident" time="584.833"/>
  <testcase classname="com.createIncident.ios.CreateIncident_161" name="ts03incident" time="619.435"/>
  <testcase classname="com.createIncident.ios.CreateIncident_161" name="ts04incident" time="6.535"/>
  <testcase classname="com.createIncident.ios.CreateIncident_161" name="ts05incident" time="107.383"/>
  <testcase classname="com.createIncident.ios.CreateIncident_161" name="ts06incident" time="165.010"/>
  <testcase classname="com.createIncident.ios.CreateIncident_161" name="ts07incident" time="238.547"/>
  <testcase classname="com.createIncident.ios.CreateIncident_161" name="ts08incident" time="258.931"/>
</testsuite> <!-- com.createIncident.ios.CreateIncident_161 -->
