<?xml version="1.0" encoding="UTF-8"?>
<!-- Generated by org.testng.reporters.JUnitReportReporter -->
<testsuite hostname="MacBook-Air.local" failures="0" tests="8" name="com.createIncident.ios.CreateIncident_153" time="2879.180" errors="0" timestamp="2023-08-23T11:57:39 IST" skipped="0">
  <testcase classname="com.createIncident.ios.CreateIncident_153" name="ts01incident" time="726.118"/>
  <testcase classname="com.createIncident.ios.CreateIncident_153" name="ts02incident" time="544.805"/>
  <testcase classname="com.createIncident.ios.CreateIncident_153" name="ts03incident" time="723.099"/>
  <testcase classname="com.createIncident.ios.CreateIncident_153" name="ts04incident" time="5.419"/>
  <testcase classname="com.createIncident.ios.CreateIncident_153" name="ts05incident" time="102.589"/>
  <testcase classname="com.createIncident.ios.CreateIncident_153" name="ts06incident" time="198.591"/>
  <testcase classname="com.createIncident.ios.CreateIncident_153" name="ts07incident" time="246.590"/>
  <testcase classname="com.createIncident.ios.CreateIncident_153" name="ts08incident" time="331.969"/>
</testsuite> <!-- com.createIncident.ios.CreateIncident_153 -->
