<?xml version="1.0" encoding="UTF-8"?>
<!-- Generated by org.testng.reporters.JUnitReportReporter -->
<testsuite hostname="shruti.local" failures="0" tests="1" name="createIncident.CreateIncident_111" time="96.091" errors="0" timestamp="2023-05-26T23:07:09 IST" skipped="0">
  <testcase classname="createIncident.CreateIncident_111" name="OhiLoginPage" time="96.091"/>
  <system-out/>
</testsuite> <!-- createIncident.CreateIncident_111 -->
