<?xml version="1.0" encoding="UTF-8"?>
<!-- Generated by org.testng.reporters.JUnitReportReporter -->
<testsuite hostname="shruti.local" failures="0" tests="1" name="createIncident.CreateIncident112" time="311.758" errors="0" timestamp="2023-05-27T02:13:58 IST" skipped="0">
  <testcase classname="createIncident.CreateIncident112" name="ohioautomation" time="311.758"/>
  <system-out/>
</testsuite> <!-- createIncident.CreateIncident112 -->
