<?xml version="1.0" encoding="UTF-8"?>
<!-- Generated by org.testng.reporters.JUnitReportReporter -->
<testsuite skipped="5" hostname="DESKTOP-0RNKA5A" name="fundTransfer.add_edit_deleteBeneficiaries.NewlyAddedBenificiary" tests="6" failures="0" timestamp="2022-12-28T18:35:36 IST" time="0.001" errors="1">
  <testcase name="configBm" time="0.001" classname="fundTransfer.add_edit_deleteBeneficiaries.NewlyAddedBenificiary">
    <error type="java.lang.Error" message="Unresolved compilation problems: 
	Cannot make a static reference to the non-static field driver
	Cannot make a static reference to the non-static field driver
	Cannot make a static reference to the non-static field driver
">
      <![CDATA[java.lang.Error: Unresolved compilation problems: 
Cannot make a static reference to the non-static field driver
Cannot make a static reference to the non-static field driver
Cannot make a static reference to the non-static field driver

at Base.BaseTest.capabilities(BaseTest.java:296)
at Base.BaseTest.configBm(BaseTest.java:100)
at sun.reflect.GeneratedMethodAccessor3.invoke(Unknown Source)
at sun.reflect.DelegatingMethodAccessorImpl.invoke(Unknown Source)
at java.lang.reflect.Method.invoke(Unknown Source)
at org.testng.internal.MethodInvocationHelper.invokeMethod(MethodInvocationHelper.java:133)
at org.testng.internal.MethodInvocationHelper.invokeMethodConsideringTimeout(MethodInvocationHelper.java:62)
at org.testng.internal.ConfigInvoker.invokeConfigurationMethod(ConfigInvoker.java:385)
at org.testng.internal.ConfigInvoker.invokeConfigurations(ConfigInvoker.java:321)
at org.testng.internal.TestInvoker.runConfigMethods(TestInvoker.java:700)
at org.testng.internal.TestInvoker.invokeMethod(TestInvoker.java:527)
at org.testng.internal.TestInvoker.invokeTestMethod(TestInvoker.java:173)
at org.testng.internal.MethodRunner.runInSequence(MethodRunner.java:46)
at org.testng.internal.TestInvoker$MethodInvocationAgent.invoke(TestInvoker.java:824)
at org.testng.internal.TestInvoker.invokeTestMethods(TestInvoker.java:146)
at org.testng.internal.TestMethodWorker.invokeTestMethods(TestMethodWorker.java:146)
at org.testng.internal.TestMethodWorker.run(TestMethodWorker.java:128)
at java.util.ArrayList.forEach(Unknown Source)
at org.testng.TestRunner.privateRun(TestRunner.java:794)
at org.testng.TestRunner.run(TestRunner.java:596)
at org.testng.SuiteRunner.runTest(SuiteRunner.java:377)
at org.testng.SuiteRunner.runSequentially(SuiteRunner.java:371)
at org.testng.SuiteRunner.privateRun(SuiteRunner.java:332)
at org.testng.SuiteRunner.run(SuiteRunner.java:276)
at org.testng.SuiteRunnerWorker.runSuite(SuiteRunnerWorker.java:53)
at org.testng.SuiteRunnerWorker.run(SuiteRunnerWorker.java:96)
at org.testng.TestNG.runSuitesSequentially(TestNG.java:1212)
at org.testng.TestNG.runSuitesLocally(TestNG.java:1134)
at org.testng.TestNG.runSuites(TestNG.java:1063)
at org.testng.TestNG.run(TestNG.java:1031)
at org.testng.remote.AbstractRemoteTestNG.run(AbstractRemoteTestNG.java:115)
at org.testng.remote.RemoteTestNG.initAndRun(RemoteTestNG.java:251)
at org.testng.remote.RemoteTestNG.main(RemoteTestNG.java:77)
]]>
    </error>
  </testcase> <!-- configBm -->
  <system-out/>
  <testcase name="FundTransferToNewlyAddedBeneficiaryWithAmount25000" time="0.000" classname="fundTransfer.add_edit_deleteBeneficiaries.NewlyAddedBenificiary">
    <skipped/>
  </testcase> <!-- FundTransferToNewlyAddedBeneficiaryWithAmount25000 -->
  <system-out/>
  <testcase name="FundTransferToNewlyAddedBeneficiaryWithAmount25001" time="0.000" classname="fundTransfer.add_edit_deleteBeneficiaries.NewlyAddedBenificiary">
    <skipped/>
  </testcase> <!-- FundTransferToNewlyAddedBeneficiaryWithAmount25001 -->
  <system-out/>
  <testcase name="FundTransferToNewlyAddedBeneficiaryWithAmount24999" time="0.000" classname="fundTransfer.add_edit_deleteBeneficiaries.NewlyAddedBenificiary">
    <skipped/>
  </testcase> <!-- FundTransferToNewlyAddedBeneficiaryWithAmount24999 -->
  <system-out/>
  <testcase name="FundTransferToNewlyAddedBeneficiaryWithAmount10000" time="0.000" classname="fundTransfer.add_edit_deleteBeneficiaries.NewlyAddedBenificiary">
    <skipped/>
  </testcase> <!-- FundTransferToNewlyAddedBeneficiaryWithAmount10000 -->
  <system-out/>
  <testcase name="FundTransferToNewlyAddedBeneficiaryWithAmount26000" time="0.000" classname="fundTransfer.add_edit_deleteBeneficiaries.NewlyAddedBenificiary">
    <skipped/>
  </testcase> <!-- FundTransferToNewlyAddedBeneficiaryWithAmount26000 -->
  <system-out/>
</testsuite> <!-- fundTransfer.add_edit_deleteBeneficiaries.NewlyAddedBenificiary -->
