<?xml version="1.0" encoding="UTF-8"?>
<!-- Generated by org.testng.reporters.JUnitReportReporter -->
<testsuite hostname="Mac-mini.local" failures="0" tests="8" name="com.createIncident.ios.CreateIncident_132" time="3791.368" errors="0" timestamp="2023-07-13T01:35:32 IST" skipped="0">
  <testcase classname="com.createIncident.ios.CreateIncident_132" name="ts01incident" time="857.414"/>
  <testcase classname="com.createIncident.ios.CreateIncident_132" name="ts02incident" time="476.526">
    <system-out>
      <![CDATA[Checking:Arrival
Expected: true
Actual: true
Checking:selectAppratus
Expected: true
Actual: true
Checking:Apparatuspersonnel
Expected: true
Actual: true]]>
    </system-out>
  </testcase> <!-- ts02incident -->
  <testcase classname="com.createIncident.ios.CreateIncident_132" name="ts03incident" time="977.679"/>
  <testcase classname="com.createIncident.ios.CreateIncident_132" name="ts04incident" time="5.258"/>
  <testcase classname="com.createIncident.ios.CreateIncident_132" name="ts05incident" time="220.050"/>
  <testcase classname="com.createIncident.ios.CreateIncident_132" name="ts06incident" time="334.547"/>
  <testcase classname="com.createIncident.ios.CreateIncident_132" name="ts07incident" time="429.782"/>
  <testcase classname="com.createIncident.ios.CreateIncident_132" name="ts08incident" time="490.112"/>
  <system-out>
    <![CDATA[Checking:Arrival
Expected: true
Actual: true
Checking:selectAppratus
Expected: true
Actual: true
Checking:Apparatuspersonnel
Expected: true
Actual: true
Checking:Arrival
Expected: true
Actual: true
Checking:selectAppratus
Expected: true
Actual: true
Checking:Apparatuspersonnel
Expected: true
Actual: true]]>
  </system-out>
</testsuite> <!-- com.createIncident.ios.CreateIncident_132 -->
