<?xml version="1.0" encoding="UTF-8"?>
<!-- Generated by org.testng.reporters.JUnitReportReporter -->
<testsuite hostname="MacBook-Air" failures="0" tests="8" name="com.createIncident.ios.CreateIncident_150" time="2541.164" errors="0" timestamp="2023-08-22T18:19:08 IST" skipped="0">
  <testcase classname="com.createIncident.ios.CreateIncident_150" name="ts01incident" time="706.926"/>
  <testcase classname="com.createIncident.ios.CreateIncident_150" name="ts02incident" time="528.727"/>
  <testcase classname="com.createIncident.ios.CreateIncident_150" name="ts03incident" time="674.736"/>
  <testcase classname="com.createIncident.ios.CreateIncident_150" name="ts04incident" time="5.503"/>
  <testcase classname="com.createIncident.ios.CreateIncident_150" name="ts05incident" time="93.248"/>
  <testcase classname="com.createIncident.ios.CreateIncident_150" name="ts06incident" time="121.457"/>
  <testcase classname="com.createIncident.ios.CreateIncident_150" name="ts07incident" time="157.324"/>
  <testcase classname="com.createIncident.ios.CreateIncident_150" name="ts08incident" time="253.243"/>
</testsuite> <!-- com.createIncident.ios.CreateIncident_150 -->
