<?xml version="1.0" encoding="UTF-8"?>
<!-- Generated by org.testng.reporters.JUnitReportReporter -->
<testsuite hostname="MacBook-Air.local" failures="0" tests="8" name="com.createIncident.ios.CreateIncident_164" time="2730.071" errors="0" timestamp="2023-08-23T18:43:24 IST" skipped="0">
  <testcase classname="com.createIncident.ios.CreateIncident_164" name="ts01incident" time="814.558"/>
  <testcase classname="com.createIncident.ios.CreateIncident_164" name="ts02incident" time="578.913"/>
  <testcase classname="com.createIncident.ios.CreateIncident_164" name="ts03incident" time="599.752"/>
  <testcase classname="com.createIncident.ios.CreateIncident_164" name="ts04incident" time="5.618"/>
  <testcase classname="com.createIncident.ios.CreateIncident_164" name="ts05incident" time="104.053"/>
  <testcase classname="com.createIncident.ios.CreateIncident_164" name="ts06incident" time="151.582"/>
  <testcase classname="com.createIncident.ios.CreateIncident_164" name="ts07incident" time="189.357"/>
  <testcase classname="com.createIncident.ios.CreateIncident_164" name="ts08incident" time="286.238"/>
</testsuite> <!-- com.createIncident.ios.CreateIncident_164 -->
