<?xml version="1.0" encoding="UTF-8"?>
<!-- Generated by org.testng.reporters.JUnitReportReporter -->
<testsuite hostname="Mac-mini.local" failures="0" tests="1" name="RelationalEdits.IncidentType_module" time="960.027" errors="0" timestamp="2023-07-12T16:42:04 IST" skipped="0">
  <testcase classname="RelationalEdits.IncidentType_module" name="TestCase01ohioautomation" time="960.027">
    <system-out>
      <![CDATA[Checking:ErrorCountBasicMendatory is Present
Expected: true
Actual: true
Checking:Appratuserrorcount is Present
Expected: true
Actual: true
Checking:fireService is Present
Expected: true
Actual: true
Checking:WindLand is Present
Expected: true
Actual: true
Checking:ErrorCountBasicMendatory is Present
Expected: true
Actual: true
Checking:Appratuserrorcount is Present
Expected: true
Actual: true
Checking:fireService is Present
Expected: true
Actual: true
Checking:WindLand is Present
Expected: true
Actual: true
Checking:ErrorCountBasicMendatory is Present
Expected: true
Actual: true
Checking:Appratuserrorcount is Present
Expected: true
Actual: true
Checking:fireService is Present
Expected: true
Actual: true
Checking:ErrorCountBasicMendatory is Present
Expected: true
Actual: true
Checking:Appratuserrorcount is Present
Expected: true
Actual: true
Checking:fireService is Present
Expected: true
Actual: true
Checking:ErrorCountBasicMendatory is Present
Expected: true
Actual: true
Checking:Appratuserrorcount is Present
Expected: true
Actual: true
Checking:fireService is Present
Expected: true
Actual: true
Checking:ErrorCountBasicMendatory is Present
Expected: true
Actual: true
Checking:Appratuserrorcount is Present
Expected: true
Actual: true
Checking:fireService is Present
Expected: true
Actual: true
Checking:ErrorCountBasicMendatory is Present
Expected: true
Actual: true
Checking:Appratuserrorcount is Present
Expected: true
Actual: true
Checking:fireService is Present
Expected: true
Actual: true
Checking:ErrorCountBasicMendatory is Present
Expected: true
Actual: true
Checking:Appratuserrorcount is Present
Expected: true
Actual: true
Checking:fireService is Present
Expected: true
Actual: true
Checking:ErrorCountBasicMendatory is Present
Expected: true
Actual: true
Checking:Appratuserrorcount is Present
Expected: true
Actual: true
Checking:fireService is Present
Expected: true
Actual: true
Checking:ErrorCountBasicMendatory is Present
Expected: true
Actual: true
Checking:Appratuserrorcount is Present
Expected: true
Actual: true
Checking:fireService is Present
Expected: true
Actual: true
Checking:ErrorCountBasicMendatory is Present
Expected: true
Actual: true
Checking:Appratuserrorcount is Present
Expected: true
Actual: true
Checking:fireService is Present
Expected: true
Actual: true
Checking:ErrorCountBasicMendatory is Present
Expected: true
Actual: true
Checking:Appratuserrorcount is Present
Expected: true
Actual: true
Checking:fireService is Present
Expected: true
Actual: true
Checking:ErrorCountBasicMendatory is Present
Expected: true
Actual: true
Checking:Appratuserrorcount is Present
Expected: true
Actual: true
Checking:fireService is Present
Expected: true
Actual: true
Checking:ErrorCountBasicMendatory is Present
Expected: true
Actual: true
Checking:Appratuserrorcount is Present
Expected: true
Actual: true
Checking:fireService is Present
Expected: true
Actual: true
Checking:ErrorCountBasicMendatory is Present
Expected: true
Actual: true
Checking:Appratuserrorcount is Present
Expected: true
Actual: true
Checking:fireService is Present
Expected: true
Actual: true
Checking:ErrorCountBasicMendatory is Present
Expected: true
Actual: true
Checking:Appratuserrorcount is Present
Expected: true
Actual: true
Checking:fireService is Present
Expected: true
Actual: true
Checking:ErrorCountBasicMendatory is Present
Expected: true
Actual: true
Checking:Appratuserrorcount is Present
Expected: true
Actual: true
Checking:fireService is Present
Expected: true
Actual: true
Checking:ErrorCountBasicMendatory is Present
Expected: true
Actual: true
Checking:Appratuserrorcount is Present
Expected: true
Actual: true
Checking:fireService is Present
Expected: true
Actual: true
Checking:ErrorCountBasicMendatory is Present
Expected: true
Actual: true
Checking:Appratuserrorcount is Present
Expected: true
Actual: true
Checking:fireService is Present
Expected: true
Actual: true
Checking:ErrorCountBasicMendatory is Present
Expected: true
Actual: true
Checking:Appratuserrorcount is Present
Expected: true
Actual: true
Checking:fireService is Present
Expected: true
Actual: true
Checking:ErrorCountBasicMendatory is Present
Expected: true
Actual: true
Checking:Appratuserrorcount is Present
Expected: true
Actual: true
Checking:fireService is Present
Expected: true
Actual: true
Checking:ErrorCountBasicMendatory is Present
Expected: true
Actual: true
Checking:Appratuserrorcount is Present
Expected: true
Actual: true
Checking:fireService is Present
Expected: true
Actual: true
Checking:ErrorCountBasicMendatory is Present
Expected: true
Actual: true
Checking:Appratuserrorcount is Present
Expected: true
Actual: true
Checking:fireService is Present
Expected: true
Actual: true
Checking:ErrorCountBasicMendatory is Present
Expected: true
Actual: true
Checking:Appratuserrorcount is Present
Expected: true
Actual: true
Checking:fireService is Present
Expected: true
Actual: true
Checking:ErrorCountBasicMendatory is Present
Expected: true
Actual: true
Checking:Appratuserrorcount is Present
Expected: true
Actual: true
Checking:fireService is Present
Expected: true
Actual: true
Checking:ErrorCountBasicMendatory is Present
Expected: true
Actual: true
Checking:Appratuserrorcount is Present
Expected: true
Actual: true
Checking:fireService is Present
Expected: true
Actual: true
Checking:ErrorCountBasicMendatory is Present
Expected: true
Actual: true
Checking:Appratuserrorcount is Present
Expected: true
Actual: true
Checking:fireService is Present
Expected: true
Actual: true
Checking:ErrorCountBasicMendatory is Present
Expected: true
Actual: true
Checking:Appratuserrorcount is Present
Expected: true
Actual: true
Checking:fireService is Present
Expected: true
Actual: true
Checking:ErrorCountBasicMendatory is Present
Expected: true
Actual: true
Checking:Appratuserrorcount is Present
Expected: true
Actual: true
Checking:fireService is Present
Expected: true
Actual: true
Checking:ErrorCountBasicMendatory is Present
Expected: true
Actual: true
Checking:Appratuserrorcount is Present
Expected: true
Actual: true
Checking:fireService is Present
Expected: true
Actual: true
Checking:ErrorCountBasicMendatory is Present
Expected: true
Actual: true
Checking:Appratuserrorcount is Present
Expected: true
Actual: true
Checking:fireService is Present
Expected: true
Actual: true
Checking:ErrorCountBasicMendatory is Present
Expected: true
Actual: true
Checking:Appratuserrorcount is Present
Expected: true
Actual: true
Checking:fireService is Present
Expected: true
Actual: true
Checking:ErrorCountBasicMendatory is Present
Expected: true
Actual: true
Checking:Appratuserrorcount is Present
Expected: true
Actual: true
Checking:fireService is Present
Expected: true
Actual: true
Checking:ErrorCountBasicMendatory is Present
Expected: true
Actual: true
Checking:Appratuserrorcount is Present
Expected: true
Actual: true
Checking:fireService is Present
Expected: true
Actual: true
Checking:ErrorCountBasicMendatory is Present
Expected: true
Actual: true
Checking:Appratuserrorcount is Present
Expected: true
Actual: true
Checking:fireService is Present
Expected: true
Actual: true
Checking:ErrorCountBasicMendatory is Present
Expected: true
Actual: true
Checking:Appratuserrorcount is Present
Expected: true
Actual: true
Checking:fireService is Present
Expected: true
Actual: true
Checking:ErrorCountBasicMendatory is Present
Expected: true
Actual: true
Checking:Appratuserrorcount is Present
Expected: true
Actual: true
Checking:fireService is Present
Expected: true
Actual: true
Checking:ErrorCountBasicMendatory is Present
Expected: true
Actual: true
Checking:Appratuserrorcount is Present
Expected: true
Actual: true
Checking:fireService is Present
Expected: true
Actual: true]]>
    </system-out>
  </testcase> <!-- TestCase01ohioautomation -->
  <system-out>
    <![CDATA[Checking:ErrorCountBasicMendatory is Present
Expected: true
Actual: true
Checking:Appratuserrorcount is Present
Expected: true
Actual: true
Checking:fireService is Present
Expected: true
Actual: true
Checking:WindLand is Present
Expected: true
Actual: true
Checking:ErrorCountBasicMendatory is Present
Expected: true
Actual: true
Checking:Appratuserrorcount is Present
Expected: true
Actual: true
Checking:fireService is Present
Expected: true
Actual: true
Checking:WindLand is Present
Expected: true
Actual: true
Checking:ErrorCountBasicMendatory is Present
Expected: true
Actual: true
Checking:Appratuserrorcount is Present
Expected: true
Actual: true
Checking:fireService is Present
Expected: true
Actual: true
Checking:ErrorCountBasicMendatory is Present
Expected: true
Actual: true
Checking:Appratuserrorcount is Present
Expected: true
Actual: true
Checking:fireService is Present
Expected: true
Actual: true
Checking:ErrorCountBasicMendatory is Present
Expected: true
Actual: true
Checking:Appratuserrorcount is Present
Expected: true
Actual: true
Checking:fireService is Present
Expected: true
Actual: true
Checking:ErrorCountBasicMendatory is Present
Expected: true
Actual: true
Checking:Appratuserrorcount is Present
Expected: true
Actual: true
Checking:fireService is Present
Expected: true
Actual: true
Checking:ErrorCountBasicMendatory is Present
Expected: true
Actual: true
Checking:Appratuserrorcount is Present
Expected: true
Actual: true
Checking:fireService is Present
Expected: true
Actual: true
Checking:ErrorCountBasicMendatory is Present
Expected: true
Actual: true
Checking:Appratuserrorcount is Present
Expected: true
Actual: true
Checking:fireService is Present
Expected: true
Actual: true
Checking:ErrorCountBasicMendatory is Present
Expected: true
Actual: true
Checking:Appratuserrorcount is Present
Expected: true
Actual: true
Checking:fireService is Present
Expected: true
Actual: true
Checking:ErrorCountBasicMendatory is Present
Expected: true
Actual: true
Checking:Appratuserrorcount is Present
Expected: true
Actual: true
Checking:fireService is Present
Expected: true
Actual: true
Checking:ErrorCountBasicMendatory is Present
Expected: true
Actual: true
Checking:Appratuserrorcount is Present
Expected: true
Actual: true
Checking:fireService is Present
Expected: true
Actual: true
Checking:ErrorCountBasicMendatory is Present
Expected: true
Actual: true
Checking:Appratuserrorcount is Present
Expected: true
Actual: true
Checking:fireService is Present
Expected: true
Actual: true
Checking:ErrorCountBasicMendatory is Present
Expected: true
Actual: true
Checking:Appratuserrorcount is Present
Expected: true
Actual: true
Checking:fireService is Present
Expected: true
Actual: true
Checking:ErrorCountBasicMendatory is Present
Expected: true
Actual: true
Checking:Appratuserrorcount is Present
Expected: true
Actual: true
Checking:fireService is Present
Expected: true
Actual: true
Checking:ErrorCountBasicMendatory is Present
Expected: true
Actual: true
Checking:Appratuserrorcount is Present
Expected: true
Actual: true
Checking:fireService is Present
Expected: true
Actual: true
Checking:ErrorCountBasicMendatory is Present
Expected: true
Actual: true
Checking:Appratuserrorcount is Present
Expected: true
Actual: true
Checking:fireService is Present
Expected: true
Actual: true
Checking:ErrorCountBasicMendatory is Present
Expected: true
Actual: true
Checking:Appratuserrorcount is Present
Expected: true
Actual: true
Checking:fireService is Present
Expected: true
Actual: true
Checking:ErrorCountBasicMendatory is Present
Expected: true
Actual: true
Checking:Appratuserrorcount is Present
Expected: true
Actual: true
Checking:fireService is Present
Expected: true
Actual: true
Checking:ErrorCountBasicMendatory is Present
Expected: true
Actual: true
Checking:Appratuserrorcount is Present
Expected: true
Actual: true
Checking:fireService is Present
Expected: true
Actual: true
Checking:ErrorCountBasicMendatory is Present
Expected: true
Actual: true
Checking:Appratuserrorcount is Present
Expected: true
Actual: true
Checking:fireService is Present
Expected: true
Actual: true
Checking:ErrorCountBasicMendatory is Present
Expected: true
Actual: true
Checking:Appratuserrorcount is Present
Expected: true
Actual: true
Checking:fireService is Present
Expected: true
Actual: true
Checking:ErrorCountBasicMendatory is Present
Expected: true
Actual: true
Checking:Appratuserrorcount is Present
Expected: true
Actual: true
Checking:fireService is Present
Expected: true
Actual: true
Checking:ErrorCountBasicMendatory is Present
Expected: true
Actual: true
Checking:Appratuserrorcount is Present
Expected: true
Actual: true
Checking:fireService is Present
Expected: true
Actual: true
Checking:ErrorCountBasicMendatory is Present
Expected: true
Actual: true
Checking:Appratuserrorcount is Present
Expected: true
Actual: true
Checking:fireService is Present
Expected: true
Actual: true
Checking:ErrorCountBasicMendatory is Present
Expected: true
Actual: true
Checking:Appratuserrorcount is Present
Expected: true
Actual: true
Checking:fireService is Present
Expected: true
Actual: true
Checking:ErrorCountBasicMendatory is Present
Expected: true
Actual: true
Checking:Appratuserrorcount is Present
Expected: true
Actual: true
Checking:fireService is Present
Expected: true
Actual: true
Checking:ErrorCountBasicMendatory is Present
Expected: true
Actual: true
Checking:Appratuserrorcount is Present
Expected: true
Actual: true
Checking:fireService is Present
Expected: true
Actual: true
Checking:ErrorCountBasicMendatory is Present
Expected: true
Actual: true
Checking:Appratuserrorcount is Present
Expected: true
Actual: true
Checking:fireService is Present
Expected: true
Actual: true
Checking:ErrorCountBasicMendatory is Present
Expected: true
Actual: true
Checking:Appratuserrorcount is Present
Expected: true
Actual: true
Checking:fireService is Present
Expected: true
Actual: true
Checking:ErrorCountBasicMendatory is Present
Expected: true
Actual: true
Checking:Appratuserrorcount is Present
Expected: true
Actual: true
Checking:fireService is Present
Expected: true
Actual: true
Checking:ErrorCountBasicMendatory is Present
Expected: true
Actual: true
Checking:Appratuserrorcount is Present
Expected: true
Actual: true
Checking:fireService is Present
Expected: true
Actual: true
Checking:ErrorCountBasicMendatory is Present
Expected: true
Actual: true
Checking:Appratuserrorcount is Present
Expected: true
Actual: true
Checking:fireService is Present
Expected: true
Actual: true
Checking:ErrorCountBasicMendatory is Present
Expected: true
Actual: true
Checking:Appratuserrorcount is Present
Expected: true
Actual: true
Checking:fireService is Present
Expected: true
Actual: true
Checking:ErrorCountBasicMendatory is Present
Expected: true
Actual: true
Checking:Appratuserrorcount is Present
Expected: true
Actual: true
Checking:fireService is Present
Expected: true
Actual: true
Checking:ErrorCountBasicMendatory is Present
Expected: true
Actual: true
Checking:Appratuserrorcount is Present
Expected: true
Actual: true
Checking:fireService is Present
Expected: true
Actual: true
Checking:ErrorCountBasicMendatory is Present
Expected: true
Actual: true
Checking:Appratuserrorcount is Present
Expected: true
Actual: true
Checking:fireService is Present
Expected: true
Actual: true
Checking:ErrorCountBasicMendatory is Present
Expected: true
Actual: true
Checking:Appratuserrorcount is Present
Expected: true
Actual: true
Checking:fireService is Present
Expected: true
Actual: true
Checking:ErrorCountBasicMendatory is Present
Expected: true
Actual: true
Checking:Appratuserrorcount is Present
Expected: true
Actual: true
Checking:fireService is Present
Expected: true
Actual: true]]>
  </system-out>
</testsuite> <!-- RelationalEdits.IncidentType_module -->
