<?xml version="1.0" encoding="UTF-8"?>
<!-- Generated by org.testng.reporters.JUnitReportReporter -->
<testsuite hostname="shruti" failures="0" tests="1" name="com.createIncident.ios.resiteruser" time="76.753" errors="0" timestamp="2023-06-12T13:26:55 IST" skipped="0">
  <testcase classname="com.createIncident.ios.resiteruser" name="register" time="76.753"/>
  <system-out/>
</testsuite> <!-- com.createIncident.ios.resiteruser -->
