<?xml version="1.0" encoding="UTF-8"?>
<!-- Generated by org.testng.reporters.JUnitReportReporter -->
<testsuite hostname="Mac-mini" failures="0" tests="1" name="com.check.func.Login_Staff_OHID" time="214.466" errors="0" timestamp="2023-07-05T18:42:40 IST" skipped="0">
  <testcase classname="com.check.func.Login_Staff_OHID" name="doLogin" time="214.466">
    <system-out>
      <![CDATA[Checking:Work Queue
Expected: false
Actual: false]]>
    </system-out>
  </testcase> <!-- doLogin -->
  <system-out>
    <![CDATA[Checking:Work Queue
Expected: false
Actual: false]]>
  </system-out>
</testsuite> <!-- com.check.func.Login_Staff_OHID -->
