<?xml version="1.0" encoding="UTF-8"?>
<!-- Generated by org.testng.reporters.JUnitReportReporter -->
<testsuite hostname="MacBook-Air.local" failures="0" tests="8" name="com.createIncident.ios.CreateIncident_115" time="4437.397" errors="0" timestamp="2023-08-20T17:34:50 IST" skipped="0">
  <testcase classname="com.createIncident.ios.CreateIncident_115" name="ts01incident" time="1075.383"/>
  <testcase classname="com.createIncident.ios.CreateIncident_115" name="ts02incident" time="799.264"/>
  <testcase classname="com.createIncident.ios.CreateIncident_115" name="ts03incident" time="1438.958"/>
  <testcase classname="com.createIncident.ios.CreateIncident_115" name="ts04incident" time="387.999"/>
  <testcase classname="com.createIncident.ios.CreateIncident_115" name="ts05incident" time="28.614"/>
  <testcase classname="com.createIncident.ios.CreateIncident_115" name="ts06incident" time="23.593"/>
  <testcase classname="com.createIncident.ios.CreateIncident_115" name="ts07incident" time="470.475"/>
  <testcase classname="com.createIncident.ios.CreateIncident_115" name="ts08incident" time="213.111"/>
</testsuite> <!-- com.createIncident.ios.CreateIncident_115 -->
