<?xml version="1.0" encoding="UTF-8"?>
<!-- Generated by org.testng.reporters.JUnitReportReporter -->
<testsuite hostname="MacBook-Air.local" failures="0" tests="8" name="com.createIncident.ios.CreateIncident_160" time="3425.010" errors="0" timestamp="2023-08-23T14:58:04 IST" skipped="0">
  <testcase classname="com.createIncident.ios.CreateIncident_160" name="ts01incident" time="1096.777"/>
  <testcase classname="com.createIncident.ios.CreateIncident_160" name="ts02incident" time="741.863"/>
  <testcase classname="com.createIncident.ios.CreateIncident_160" name="ts03incident" time="750.115"/>
  <testcase classname="com.createIncident.ios.CreateIncident_160" name="ts04incident" time="5.641"/>
  <testcase classname="com.createIncident.ios.CreateIncident_160" name="ts05incident" time="198.574"/>
  <testcase classname="com.createIncident.ios.CreateIncident_160" name="ts06incident" time="172.087"/>
  <testcase classname="com.createIncident.ios.CreateIncident_160" name="ts07incident" time="183.669"/>
  <testcase classname="com.createIncident.ios.CreateIncident_160" name="ts08incident" time="276.284"/>
</testsuite> <!-- com.createIncident.ios.CreateIncident_160 -->
