<?xml version="1.0" encoding="UTF-8"?>
<!-- Generated by org.testng.reporters.JUnitReportReporter -->
<testsuite hostname="MacBook-Air.local" failures="0" tests="8" name="com.createIncident.ios.CreateIncident_154" time="3252.509" errors="0" timestamp="2023-08-23T11:57:39 IST" skipped="0">
  <testcase classname="com.createIncident.ios.CreateIncident_154" name="ts01incident" time="1030.327"/>
  <testcase classname="com.createIncident.ios.CreateIncident_154" name="ts02incident" time="625.056"/>
  <testcase classname="com.createIncident.ios.CreateIncident_154" name="ts03incident" time="768.100"/>
  <testcase classname="com.createIncident.ios.CreateIncident_154" name="ts04incident" time="5.413"/>
  <testcase classname="com.createIncident.ios.CreateIncident_154" name="ts05incident" time="96.940"/>
  <testcase classname="com.createIncident.ios.CreateIncident_154" name="ts06incident" time="195.272"/>
  <testcase classname="com.createIncident.ios.CreateIncident_154" name="ts07incident" time="225.726"/>
  <testcase classname="com.createIncident.ios.CreateIncident_154" name="ts08incident" time="305.675"/>
</testsuite> <!-- com.createIncident.ios.CreateIncident_154 -->
