<?xml version="1.0" encoding="UTF-8"?>
<!-- Generated by org.testng.reporters.JUnitReportReporter -->
<testsuite hostname="MacBook-Air.local" failures="0" tests="8" name="com.createIncident.ios.CreateIncident_152" time="3785.931" errors="0" timestamp="2023-08-22T23:52:12 IST" skipped="0">
  <testcase classname="com.createIncident.ios.CreateIncident_152" name="ts01incident" time="818.710"/>
  <testcase classname="com.createIncident.ios.CreateIncident_152" name="ts02incident" time="1810.022"/>
  <testcase classname="com.createIncident.ios.CreateIncident_152" name="ts03incident" time="616.180"/>
  <testcase classname="com.createIncident.ios.CreateIncident_152" name="ts04incident" time="5.587"/>
  <testcase classname="com.createIncident.ios.CreateIncident_152" name="ts05incident" time="89.134"/>
  <testcase classname="com.createIncident.ios.CreateIncident_152" name="ts06incident" time="105.448"/>
  <testcase classname="com.createIncident.ios.CreateIncident_152" name="ts07incident" time="140.624"/>
  <testcase classname="com.createIncident.ios.CreateIncident_152" name="ts08incident" time="200.226"/>
</testsuite> <!-- com.createIncident.ios.CreateIncident_152 -->
