<?xml version="1.0" encoding="UTF-8"?>
<!-- Generated by org.testng.reporters.JUnitReportReporter -->
<testsuite hostname="MacBook-Air.local" failures="0" tests="8" name="com.createIncident.ios.CreateIncident_172" time="3643.149" errors="0" timestamp="2023-08-24T12:08:14 IST" skipped="0">
  <testcase classname="com.createIncident.ios.CreateIncident_172" name="ts01incident" time="1165.420"/>
  <testcase classname="com.createIncident.ios.CreateIncident_172" name="ts02incident" time="731.000"/>
  <testcase classname="com.createIncident.ios.CreateIncident_172" name="ts03incident" time="759.077"/>
  <testcase classname="com.createIncident.ios.CreateIncident_172" name="ts04incident" time="5.558"/>
  <testcase classname="com.createIncident.ios.CreateIncident_172" name="ts05incident" time="175.149"/>
  <testcase classname="com.createIncident.ios.CreateIncident_172" name="ts06incident" time="282.161"/>
  <testcase classname="com.createIncident.ios.CreateIncident_172" name="ts07incident" time="251.175"/>
  <testcase classname="com.createIncident.ios.CreateIncident_172" name="ts08incident" time="273.609"/>
</testsuite> <!-- com.createIncident.ios.CreateIncident_172 -->
