<?xml version="1.0" encoding="UTF-8"?>
<!-- Generated by org.testng.reporters.JUnitReportReporter -->
<testsuite hostname="MacBook-Air.local" failures="0" tests="8" name="com.createIncident.ios.CreateIncident_120" time="5135.379" errors="0" timestamp="2023-08-21T06:23:27 IST" skipped="0">
  <testcase classname="com.createIncident.ios.CreateIncident_120" name="ts01incident" time="1136.319"/>
  <testcase classname="com.createIncident.ios.CreateIncident_120" name="ts02incident" time="821.695"/>
  <testcase classname="com.createIncident.ios.CreateIncident_120" name="ts03incident" time="1186.364"/>
  <testcase classname="com.createIncident.ios.CreateIncident_120" name="ts04incident" time="388.743"/>
  <testcase classname="com.createIncident.ios.CreateIncident_120" name="ts05incident" time="238.096"/>
  <testcase classname="com.createIncident.ios.CreateIncident_120" name="ts06incident" time="408.714"/>
  <testcase classname="com.createIncident.ios.CreateIncident_120" name="ts07incident" time="455.581"/>
  <testcase classname="com.createIncident.ios.CreateIncident_120" name="ts08incident" time="499.867"/>
</testsuite> <!-- com.createIncident.ios.CreateIncident_120 -->
