<?xml version="1.0" encoding="UTF-8"?>
<!-- Generated by org.testng.reporters.JUnitReportReporter -->
<testsuite hostname="MacBook-Air.local" failures="0" tests="8" name="com.createIncident.ios.CreateIncident_163" time="2862.694" errors="0" timestamp="2023-08-23T17:53:28 IST" skipped="0">
  <testcase classname="com.createIncident.ios.CreateIncident_163" name="ts01incident" time="941.765"/>
  <testcase classname="com.createIncident.ios.CreateIncident_163" name="ts02incident" time="578.339"/>
  <testcase classname="com.createIncident.ios.CreateIncident_163" name="ts03incident" time="607.511"/>
  <testcase classname="com.createIncident.ios.CreateIncident_163" name="ts04incident" time="5.576"/>
  <testcase classname="com.createIncident.ios.CreateIncident_163" name="ts05incident" time="119.918"/>
  <testcase classname="com.createIncident.ios.CreateIncident_163" name="ts06incident" time="149.281"/>
  <testcase classname="com.createIncident.ios.CreateIncident_163" name="ts07incident" time="189.311"/>
  <testcase classname="com.createIncident.ios.CreateIncident_163" name="ts08incident" time="270.993"/>
</testsuite> <!-- com.createIncident.ios.CreateIncident_163 -->
