<?xml version="1.0" encoding="UTF-8"?>
<!-- Generated by org.testng.reporters.JUnitReportReporter -->
<testsuite skipped="0" hostname="DESKTOP-0RNKA5A" name="fundTransfer.selfAccount.FundTransferSelfAccount" tests="1" failures="0" timestamp="2023-01-10T17:20:58 IST" time="95.356" errors="0">
  <testcase name="FundTransferOwnAccountCurrentToSavingAccountWithPayNowPaymentOption" time="95.356" classname="fundTransfer.selfAccount.FundTransferSelfAccount"/>
  <system-out>
    <![CDATA[Checking:verify YONO Pay Button
Expected: true
Actual: true
Checking:Verify Transaction Successful Message
Expected: true
Actual: true]]>
  </system-out>
</testsuite> <!-- fundTransfer.selfAccount.FundTransferSelfAccount -->
