<?xml version="1.0" encoding="UTF-8"?>
<!-- Generated by org.testng.reporters.JUnitReportReporter -->
<testsuite hostname="Mac-mini.local" failures="0" tests="8" name="com.createIncident.ios.CreateIncident_130" time="3773.355" errors="0" timestamp="2023-07-12T19:34:13 IST" skipped="0">
  <testcase classname="com.createIncident.ios.CreateIncident_130" name="ts01incident" time="839.948"/>
  <testcase classname="com.createIncident.ios.CreateIncident_130" name="ts02incident" time="469.112">
    <system-out>
      <![CDATA[Checking:Arrival
Expected: true
Actual: true
Checking:selectAppratus
Expected: true
Actual: true
Checking:Apparatuspersonnel
Expected: true
Actual: true]]>
    </system-out>
  </testcase> <!-- ts02incident -->
  <testcase classname="com.createIncident.ios.CreateIncident_130" name="ts03incident" time="974.035"/>
  <testcase classname="com.createIncident.ios.CreateIncident_130" name="ts04incident" time="5.285"/>
  <testcase classname="com.createIncident.ios.CreateIncident_130" name="ts05incident" time="216.491"/>
  <testcase classname="com.createIncident.ios.CreateIncident_130" name="ts06incident" time="335.827"/>
  <testcase classname="com.createIncident.ios.CreateIncident_130" name="ts07incident" time="441.726"/>
  <testcase classname="com.createIncident.ios.CreateIncident_130" name="ts08incident" time="490.931"/>
  <system-out>
    <![CDATA[Checking:Arrival
Expected: true
Actual: true
Checking:selectAppratus
Expected: true
Actual: true
Checking:Apparatuspersonnel
Expected: true
Actual: true]]>
  </system-out>
</testsuite> <!-- com.createIncident.ios.CreateIncident_130 -->
