<?xml version="1.0" encoding="UTF-8"?>
<!-- Generated by org.testng.reporters.JUnitReportReporter -->
<testsuite hostname="shruti" failures="0" tests="2" name="createIncident.CreateIncident_112" time="140.158" errors="2" timestamp="2023-05-31T14:05:34 IST" skipped="0">
  <testcase classname="createIncident.CreateIncident_112" name="configAm" time="12.167">
    <error message="An unknown server-side error occurred while processing the command. Original error: &#039;GET /screenshot&#039; cannot be proxied to UiAutomator2 server because the instrumentation process is not running (probably crashed). Check the server log and/or the logcat output for more details
Build info: version: &#039;3.141.59&#039;, revision: &#039;e82be7d358&#039;, time: &#039;2018-11-14T08:17:03&#039;
System info: host: &#039;shruti&#039;, ip: &#039;fe80:0:0:0:1c2c:4fd5:91f:cdec%en0&#039;, os.name: &#039;Mac OS X&#039;, os.arch: &#039;x86_64&#039;, os.version: &#039;10.15.7&#039;, java.version: &#039;11.0.18&#039;
Driver info: io.appium.java_client.android.AndroidDriver
Capabilities {CreateIncident_112: false, appActivity: com.threedi.picoriverastaff..., appPackage: com.threedi.ohioNFERs.qa, appTopLevelWindows: handle, applicationCacheEnabled: false, automationName: UiAutomator2, chromeOptions: {w3c: false}, chromedriverExecutable: /Users/3di/Downloads/yono//..., clearSystemFiles: true, databaseEnabled: false, desired: {CreateIncident_112: false, appActivity: com.threedi.picoriverastaff..., appPackage: com.threedi.ohioNFERs.qa, appTopLevelWindows: handle, applicationCacheEnabled: false, automationName: UiAutomator2, chromeOptions: {w3c: false}, chromedriverExecutable: /Users/3di/Downloads/yono//..., clearSystemFiles: true, deviceName: Samsung, noReset: true, platformName: android, platformVersion: 12, udid: d3928ee5, waitForIdleTimeout: 10}, deviceApiLevel: 33, deviceManufacturer: Xiaomi, deviceModel: M2101K6P, deviceName: d3928ee5, deviceScreenDensity: 461, deviceScreenSize: 1080x2400, deviceUDID: d3928ee5, javascriptEnabled: true, locationContextEnabled: false, networkConnectionEnabled: true, noReset: true, pixelRatio: 2.8812501, platform: LINUX, platformName: Android, platformVersion: 13, statBarHeight: 93, takesScreenshot: true, udid: d3928ee5, viewportRect: {height: 2078, left: 0, top: 93, width: 1080}, waitForIdleTimeout: 10, warnings: {}, webStorageEnabled: false}
Session ID: a84f99e3-d2f8-4017-a502-429829df0ff3" type="org.openqa.selenium.WebDriverException">
      <![CDATA[org.openqa.selenium.WebDriverException: An unknown server-side error occurred while processing the command. Original error: 'GET /screenshot' cannot be proxied to UiAutomator2 server because the instrumentation process is not running (probably crashed). Check the server log and/or the logcat output for more details
Build info: version: '3.141.59', revision: 'e82be7d358', time: '2018-11-14T08:17:03'
System info: host: 'shruti', ip: 'fe80:0:0:0:1c2c:4fd5:91f:cdec%en0', os.name: 'Mac OS X', os.arch: 'x86_64', os.version: '10.15.7', java.version: '11.0.18'
Driver info: io.appium.java_client.android.AndroidDriver
Capabilities {CreateIncident_112: false, appActivity: com.threedi.picoriverastaff..., appPackage: com.threedi.ohioNFERs.qa, appTopLevelWindows: handle, applicationCacheEnabled: false, automationName: UiAutomator2, chromeOptions: {w3c: false}, chromedriverExecutable: /Users/3di/Downloads/yono//..., clearSystemFiles: true, databaseEnabled: false, desired: {CreateIncident_112: false, appActivity: com.threedi.picoriverastaff..., appPackage: com.threedi.ohioNFERs.qa, appTopLevelWindows: handle, applicationCacheEnabled: false, automationName: UiAutomator2, chromeOptions: {w3c: false}, chromedriverExecutable: /Users/3di/Downloads/yono//..., clearSystemFiles: true, deviceName: Samsung, noReset: true, platformName: android, platformVersion: 12, udid: d3928ee5, waitForIdleTimeout: 10}, deviceApiLevel: 33, deviceManufacturer: Xiaomi, deviceModel: M2101K6P, deviceName: d3928ee5, deviceScreenDensity: 461, deviceScreenSize: 1080x2400, deviceUDID: d3928ee5, javascriptEnabled: true, locationContextEnabled: false, networkConnectionEnabled: true, noReset: true, pixelRatio: 2.8812501, platform: LINUX, platformName: Android, platformVersion: 13, statBarHeight: 93, takesScreenshot: true, udid: d3928ee5, viewportRect: {height: 2078, left: 0, top: 93, width: 1080}, waitForIdleTimeout: 10, warnings: {}, webStorageEnabled: false}
Session ID: a84f99e3-d2f8-4017-a502-429829df0ff3
at java.base/jdk.internal.reflect.NativeConstructorAccessorImpl.newInstance0(Native Method)
at java.base/jdk.internal.reflect.NativeConstructorAccessorImpl.newInstance(NativeConstructorAccessorImpl.java:62)
at java.base/jdk.internal.reflect.DelegatingConstructorAccessorImpl.newInstance(DelegatingConstructorAccessorImpl.java:45)
at java.base/java.lang.reflect.Constructor.newInstance(Constructor.java:490)
at org.openqa.selenium.remote.http.W3CHttpResponseCodec.createException(W3CHttpResponseCodec.java:187)
at org.openqa.selenium.remote.http.W3CHttpResponseCodec.decode(W3CHttpResponseCodec.java:122)
at org.openqa.selenium.remote.http.W3CHttpResponseCodec.decode(W3CHttpResponseCodec.java:49)
at org.openqa.selenium.remote.HttpCommandExecutor.execute(HttpCommandExecutor.java:158)
at io.appium.java_client.remote.AppiumCommandExecutor.execute(AppiumCommandExecutor.java:239)
at org.openqa.selenium.remote.RemoteWebDriver.execute(RemoteWebDriver.java:552)
at io.appium.java_client.DefaultGenericMobileDriver.execute(DefaultGenericMobileDriver.java:46)
at io.appium.java_client.AppiumDriver.execute(AppiumDriver.java:1)
at io.appium.java_client.android.AndroidDriver.execute(AndroidDriver.java:1)
at org.openqa.selenium.remote.RemoteWebDriver.getScreenshotAs(RemoteWebDriver.java:295)
at Base.BaseTest.configAm(BaseTest.java:107)
at java.base/jdk.internal.reflect.NativeMethodAccessorImpl.invoke0(Native Method)
at java.base/jdk.internal.reflect.NativeMethodAccessorImpl.invoke(NativeMethodAccessorImpl.java:62)
at java.base/jdk.internal.reflect.DelegatingMethodAccessorImpl.invoke(DelegatingMethodAccessorImpl.java:43)
at java.base/java.lang.reflect.Method.invoke(Method.java:566)
at org.testng.internal.MethodInvocationHelper.invokeMethod(MethodInvocationHelper.java:133)
at org.testng.internal.MethodInvocationHelper.invokeMethodConsideringTimeout(MethodInvocationHelper.java:62)
at org.testng.internal.ConfigInvoker.invokeConfigurationMethod(ConfigInvoker.java:385)
at org.testng.internal.ConfigInvoker.invokeConfigurations(ConfigInvoker.java:321)
at org.testng.internal.TestInvoker.runConfigMethods(TestInvoker.java:700)
at org.testng.internal.TestInvoker.runAfterGroupsConfigurations(TestInvoker.java:676)
at org.testng.internal.TestInvoker.invokeMethod(TestInvoker.java:660)
at org.testng.internal.TestInvoker.invokeTestMethod(TestInvoker.java:173)
at org.testng.internal.MethodRunner.runInSequence(MethodRunner.java:46)
at org.testng.internal.TestInvoker$MethodInvocationAgent.invoke(TestInvoker.java:824)
at org.testng.internal.TestInvoker.invokeTestMethods(TestInvoker.java:146)
at org.testng.internal.TestMethodWorker.invokeTestMethods(TestMethodWorker.java:146)
at org.testng.internal.TestMethodWorker.run(TestMethodWorker.java:128)
at java.base/java.util.ArrayList.forEach(ArrayList.java:1541)
at org.testng.TestRunner.privateRun(TestRunner.java:794)
at org.testng.TestRunner.run(TestRunner.java:596)
at org.testng.SuiteRunner.runTest(SuiteRunner.java:377)
at org.testng.SuiteRunner.runSequentially(SuiteRunner.java:371)
at org.testng.SuiteRunner.privateRun(SuiteRunner.java:332)
at org.testng.SuiteRunner.run(SuiteRunner.java:276)
at org.testng.SuiteRunnerWorker.runSuite(SuiteRunnerWorker.java:53)
at org.testng.SuiteRunnerWorker.run(SuiteRunnerWorker.java:96)
at org.testng.TestNG.runSuitesSequentially(TestNG.java:1212)
at org.testng.TestNG.runSuitesLocally(TestNG.java:1134)
at org.testng.TestNG.runSuites(TestNG.java:1063)
at org.testng.TestNG.run(TestNG.java:1031)
at org.testng.remote.AbstractRemoteTestNG.run(AbstractRemoteTestNG.java:115)
at org.testng.remote.RemoteTestNG.initAndRun(RemoteTestNG.java:251)
at org.testng.remote.RemoteTestNG.main(RemoteTestNG.java:77)
]]>
    </error>
  </testcase> <!-- configAm -->
  <system-out/>
  <testcase classname="createIncident.CreateIncident_112" name="ohioautomation" time="127.991">
    <error message="An unknown server-side error occurred while processing the command. Original error: &#039;POST /touch/perform&#039; cannot be proxied to UiAutomator2 server because the instrumentation process is not running (probably crashed). Check the server log and/or the logcat output for more details
Build info: version: &#039;3.141.59&#039;, revision: &#039;e82be7d358&#039;, time: &#039;2018-11-14T08:17:03&#039;
System info: host: &#039;shruti&#039;, ip: &#039;fe80:0:0:0:1c2c:4fd5:91f:cdec%en0&#039;, os.name: &#039;Mac OS X&#039;, os.arch: &#039;x86_64&#039;, os.version: &#039;10.15.7&#039;, java.version: &#039;11.0.18&#039;
Driver info: io.appium.java_client.android.AndroidDriver
Capabilities {CreateIncident_112: false, appActivity: com.threedi.picoriverastaff..., appPackage: com.threedi.ohioNFERs.qa, appTopLevelWindows: handle, applicationCacheEnabled: false, automationName: UiAutomator2, chromeOptions: {w3c: false}, chromedriverExecutable: /Users/3di/Downloads/yono//..., clearSystemFiles: true, databaseEnabled: false, desired: {CreateIncident_112: false, appActivity: com.threedi.picoriverastaff..., appPackage: com.threedi.ohioNFERs.qa, appTopLevelWindows: handle, applicationCacheEnabled: false, automationName: UiAutomator2, chromeOptions: {w3c: false}, chromedriverExecutable: /Users/3di/Downloads/yono//..., clearSystemFiles: true, deviceName: Samsung, noReset: true, platformName: android, platformVersion: 12, udid: d3928ee5, waitForIdleTimeout: 10}, deviceApiLevel: 33, deviceManufacturer: Xiaomi, deviceModel: M2101K6P, deviceName: d3928ee5, deviceScreenDensity: 461, deviceScreenSize: 1080x2400, deviceUDID: d3928ee5, javascriptEnabled: true, locationContextEnabled: false, networkConnectionEnabled: true, noReset: true, pixelRatio: 2.8812501, platform: LINUX, platformName: Android, platformVersion: 13, statBarHeight: 93, takesScreenshot: true, udid: d3928ee5, viewportRect: {height: 2078, left: 0, top: 93, width: 1080}, waitForIdleTimeout: 10, warnings: {}, webStorageEnabled: false}
Session ID: a84f99e3-d2f8-4017-a502-429829df0ff3" type="org.openqa.selenium.WebDriverException">
      <![CDATA[org.openqa.selenium.WebDriverException: An unknown server-side error occurred while processing the command. Original error: 'POST /touch/perform' cannot be proxied to UiAutomator2 server because the instrumentation process is not running (probably crashed). Check the server log and/or the logcat output for more details
Build info: version: '3.141.59', revision: 'e82be7d358', time: '2018-11-14T08:17:03'
System info: host: 'shruti', ip: 'fe80:0:0:0:1c2c:4fd5:91f:cdec%en0', os.name: 'Mac OS X', os.arch: 'x86_64', os.version: '10.15.7', java.version: '11.0.18'
Driver info: io.appium.java_client.android.AndroidDriver
Capabilities {CreateIncident_112: false, appActivity: com.threedi.picoriverastaff..., appPackage: com.threedi.ohioNFERs.qa, appTopLevelWindows: handle, applicationCacheEnabled: false, automationName: UiAutomator2, chromeOptions: {w3c: false}, chromedriverExecutable: /Users/3di/Downloads/yono//..., clearSystemFiles: true, databaseEnabled: false, desired: {CreateIncident_112: false, appActivity: com.threedi.picoriverastaff..., appPackage: com.threedi.ohioNFERs.qa, appTopLevelWindows: handle, applicationCacheEnabled: false, automationName: UiAutomator2, chromeOptions: {w3c: false}, chromedriverExecutable: /Users/3di/Downloads/yono//..., clearSystemFiles: true, deviceName: Samsung, noReset: true, platformName: android, platformVersion: 12, udid: d3928ee5, waitForIdleTimeout: 10}, deviceApiLevel: 33, deviceManufacturer: Xiaomi, deviceModel: M2101K6P, deviceName: d3928ee5, deviceScreenDensity: 461, deviceScreenSize: 1080x2400, deviceUDID: d3928ee5, javascriptEnabled: true, locationContextEnabled: false, networkConnectionEnabled: true, noReset: true, pixelRatio: 2.8812501, platform: LINUX, platformName: Android, platformVersion: 13, statBarHeight: 93, takesScreenshot: true, udid: d3928ee5, viewportRect: {height: 2078, left: 0, top: 93, width: 1080}, waitForIdleTimeout: 10, warnings: {}, webStorageEnabled: false}
Session ID: a84f99e3-d2f8-4017-a502-429829df0ff3
at java.base/jdk.internal.reflect.NativeConstructorAccessorImpl.newInstance0(Native Method)
at java.base/jdk.internal.reflect.NativeConstructorAccessorImpl.newInstance(NativeConstructorAccessorImpl.java:62)
at java.base/jdk.internal.reflect.DelegatingConstructorAccessorImpl.newInstance(DelegatingConstructorAccessorImpl.java:45)
at java.base/java.lang.reflect.Constructor.newInstance(Constructor.java:490)
at org.openqa.selenium.remote.http.W3CHttpResponseCodec.createException(W3CHttpResponseCodec.java:187)
at org.openqa.selenium.remote.http.W3CHttpResponseCodec.decode(W3CHttpResponseCodec.java:122)
at org.openqa.selenium.remote.http.W3CHttpResponseCodec.decode(W3CHttpResponseCodec.java:49)
at org.openqa.selenium.remote.HttpCommandExecutor.execute(HttpCommandExecutor.java:158)
at io.appium.java_client.remote.AppiumCommandExecutor.execute(AppiumCommandExecutor.java:239)
at org.openqa.selenium.remote.RemoteWebDriver.execute(RemoteWebDriver.java:552)
at io.appium.java_client.DefaultGenericMobileDriver.execute(DefaultGenericMobileDriver.java:42)
at io.appium.java_client.AppiumDriver.execute(AppiumDriver.java:1)
at io.appium.java_client.android.AndroidDriver.execute(AndroidDriver.java:1)
at io.appium.java_client.PerformsTouchActions.performTouchAction(PerformsTouchActions.java:41)
at io.appium.java_client.TouchAction.perform(TouchAction.java:187)
at utils.Utilitycommon.swipe(Utilitycommon.java:114)
at Base.BasePage.Scrolltoelement(BasePage.java:239)
at pom.createIncident.baseIncident.Address(baseIncident.java:185)
at createIncident.CreateIncident_112.ohioautomation(CreateIncident_112.java:49)
at java.base/jdk.internal.reflect.NativeMethodAccessorImpl.invoke0(Native Method)
at java.base/jdk.internal.reflect.NativeMethodAccessorImpl.invoke(NativeMethodAccessorImpl.java:62)
at java.base/jdk.internal.reflect.DelegatingMethodAccessorImpl.invoke(DelegatingMethodAccessorImpl.java:43)
at java.base/java.lang.reflect.Method.invoke(Method.java:566)
at org.testng.internal.MethodInvocationHelper.invokeMethod(MethodInvocationHelper.java:133)
at org.testng.internal.TestInvoker.invokeMethod(TestInvoker.java:598)
at org.testng.internal.TestInvoker.invokeTestMethod(TestInvoker.java:173)
at org.testng.internal.MethodRunner.runInSequence(MethodRunner.java:46)
at org.testng.internal.TestInvoker$MethodInvocationAgent.invoke(TestInvoker.java:824)
at org.testng.internal.TestInvoker.invokeTestMethods(TestInvoker.java:146)
at org.testng.internal.TestMethodWorker.invokeTestMethods(TestMethodWorker.java:146)
at org.testng.internal.TestMethodWorker.run(TestMethodWorker.java:128)
at java.base/java.util.ArrayList.forEach(ArrayList.java:1541)
at org.testng.TestRunner.privateRun(TestRunner.java:794)
at org.testng.TestRunner.run(TestRunner.java:596)
at org.testng.SuiteRunner.runTest(SuiteRunner.java:377)
at org.testng.SuiteRunner.runSequentially(SuiteRunner.java:371)
at org.testng.SuiteRunner.privateRun(SuiteRunner.java:332)
at org.testng.SuiteRunner.run(SuiteRunner.java:276)
at org.testng.SuiteRunnerWorker.runSuite(SuiteRunnerWorker.java:53)
at org.testng.SuiteRunnerWorker.run(SuiteRunnerWorker.java:96)
at org.testng.TestNG.runSuitesSequentially(TestNG.java:1212)
at org.testng.TestNG.runSuitesLocally(TestNG.java:1134)
at org.testng.TestNG.runSuites(TestNG.java:1063)
at org.testng.TestNG.run(TestNG.java:1031)
at org.testng.remote.AbstractRemoteTestNG.run(AbstractRemoteTestNG.java:115)
at org.testng.remote.RemoteTestNG.initAndRun(RemoteTestNG.java:251)
at org.testng.remote.RemoteTestNG.main(RemoteTestNG.java:77)
]]>
    </error>
  </testcase> <!-- ohioautomation -->
  <system-out/>
</testsuite> <!-- createIncident.CreateIncident_112 -->
