<?xml version="1.0" encoding="UTF-8"?>
<!-- Generated by org.testng.reporters.JUnitReportReporter -->
<testsuite hostname="Mac-mini" failures="0" tests="1" name="com.check.func.loginlogoutohioNFIRS" time="59.877" errors="0" timestamp="2023-06-18T18:53:54 IST" skipped="0">
  <testcase classname="com.check.func.loginlogoutohioNFIRS" name="doLogin" time="59.877"/>
  <system-out>
    <![CDATA[Checking:Issue date is display
Expected: true
Actual: true
Checking:Create date is display
Expected: true
Actual: true
Checking:Issue date is display
Expected: true
Actual: true
Checking:Create incident Displayed
Expected: true
Actual: true]]>
  </system-out>
</testsuite> <!-- com.check.func.loginlogoutohioNFIRS -->
