<?xml version="1.0" encoding="UTF-8"?>
<!-- Generated by org.testng.reporters.JUnitReportReporter -->
<testsuite skipped="0" hostname="DESKTOP-0RNKA5A" name="chatbotsia.ChatBotSia" tests="1" failures="0" timestamp="2023-01-10T12:19:52 IST" time="86.881" errors="0">
  <testcase name="RetailCustomerWhoCanAbleToClickOnAsksialink" time="86.881" classname="chatbotsia.ChatBotSia"/>
  <system-out>
    <![CDATA[Checking:verify YONO Pay Button
Expected: true
Actual: true
Checking:verify whats New View Balance Text
Expected: true
Actual: true]]>
  </system-out>
</testsuite> <!-- chatbotsia.ChatBotSia -->
