<?xml version="1.0" encoding="UTF-8"?>
<!-- Generated by org.testng.reporters.JUnitReportReporter -->
<testsuite hostname="Mac-mini" failures="0" tests="1" name="CreatNew.Firestaiontest" time="99.435" errors="0" timestamp="2023-07-10T18:00:03 IST" skipped="0">
  <testcase classname="CreatNew.Firestaiontest" name="doLogin" time="99.435">
    <system-out>
      <![CDATA[Checking:Address  is display
Expected: true
Actual: true
Checking:FirestationNameadd  is display
Expected: true
Actual: true
Checking:phonefireadd  is display
Expected: true
Actual: true
Checking:Emailfireadd  is display
Expected: true
Actual: true
Checking:typefireadd  is display
Expected: true
Actual: true
Checking:Occupied  is display
Expected: true
Actual: true
Checking:phonenumberdetails  is display
Expected: true
Actual: true
Checking:typedetails  is display
Expected: true
Actual: true
Checking:emaildetails  is display
Expected: true
Actual: true
Checking:Locationdetails  is display
Expected: true
Actual: true]]>
    </system-out>
  </testcase> <!-- doLogin -->
  <system-out>
    <![CDATA[Checking:Address  is display
Expected: true
Actual: true
Checking:FirestationNameadd  is display
Expected: true
Actual: true
Checking:phonefireadd  is display
Expected: true
Actual: true
Checking:Emailfireadd  is display
Expected: true
Actual: true
Checking:typefireadd  is display
Expected: true
Actual: true
Checking:Occupied  is display
Expected: true
Actual: true
Checking:phonenumberdetails  is display
Expected: true
Actual: true
Checking:typedetails  is display
Expected: true
Actual: true
Checking:emaildetails  is display
Expected: true
Actual: true
Checking:Locationdetails  is display
Expected: true
Actual: true]]>
  </system-out>
</testsuite> <!-- CreatNew.Firestaiontest -->
