<?xml version="1.0" encoding="UTF-8"?>
<!-- Generated by org.testng.reporters.JUnitReportReporter -->
<testsuite hostname="IDC-546" failures="0" tests="2" name="accountOverview.ViewAccounts" time="65.924" errors="0" timestamp="2023-05-19T00:45:02 IST" skipped="1">
  <testcase classname="accountOverview.ViewAccounts" name="AccountOverviewOfSavingAccount" time="65.924"/>
  <system-out/>
  <testcase classname="accountOverview.ViewAccounts" name="SpendAnalysisOverviewOfSavingAccount">
    <skipped/>
  </testcase> <!-- SpendAnalysisOverviewOfSavingAccount -->
  <system-out/>
</testsuite> <!-- accountOverview.ViewAccounts -->
