<?xml version="1.0" encoding="UTF-8"?>
<!-- Generated by org.testng.reporters.JUnitReportReporter -->
<testsuite hostname="MacBook-Air.local" failures="0" tests="8" name="com.createIncident.ios.CreateIncident_162" time="2919.301" errors="0" timestamp="2023-08-23T17:02:04 IST" skipped="0">
  <testcase classname="com.createIncident.ios.CreateIncident_162" name="ts01incident" time="829.581"/>
  <testcase classname="com.createIncident.ios.CreateIncident_162" name="ts02incident" time="633.384"/>
  <testcase classname="com.createIncident.ios.CreateIncident_162" name="ts03incident" time="686.441"/>
  <testcase classname="com.createIncident.ios.CreateIncident_162" name="ts04incident" time="6.477"/>
  <testcase classname="com.createIncident.ios.CreateIncident_162" name="ts05incident" time="117.327"/>
  <testcase classname="com.createIncident.ios.CreateIncident_162" name="ts06incident" time="159.208"/>
  <testcase classname="com.createIncident.ios.CreateIncident_162" name="ts07incident" time="195.090"/>
  <testcase classname="com.createIncident.ios.CreateIncident_162" name="ts08incident" time="291.793"/>
</testsuite> <!-- com.createIncident.ios.CreateIncident_162 -->
