<?xml version="1.0" encoding="UTF-8"?>
<!-- Generated by org.testng.reporters.JUnitReportReporter -->
<testsuite hostname="MacBook-Air.local" failures="0" tests="8" name="com.createIncident.ios.CreateIncident_121" time="5310.857" errors="0" timestamp="2023-08-21T06:23:27 IST" skipped="0">
  <testcase classname="com.createIncident.ios.CreateIncident_121" name="ts01incident" time="1305.164"/>
  <testcase classname="com.createIncident.ios.CreateIncident_121" name="ts02incident" time="847.856"/>
  <testcase classname="com.createIncident.ios.CreateIncident_121" name="ts03incident" time="1182.854"/>
  <testcase classname="com.createIncident.ios.CreateIncident_121" name="ts04incident" time="383.785"/>
  <testcase classname="com.createIncident.ios.CreateIncident_121" name="ts05incident" time="234.923"/>
  <testcase classname="com.createIncident.ios.CreateIncident_121" name="ts06incident" time="400.045"/>
  <testcase classname="com.createIncident.ios.CreateIncident_121" name="ts07incident" time="456.449"/>
  <testcase classname="com.createIncident.ios.CreateIncident_121" name="ts08incident" time="499.781"/>
</testsuite> <!-- com.createIncident.ios.CreateIncident_121 -->
