<?xml version="1.0" encoding="UTF-8"?>
<!-- Generated by org.testng.reporters.JUnitReportReporter -->
<testsuite hostname="Mac-mini" failures="0" tests="1" name="com.check.func.Login_Chief_OHID" time="173.013" errors="0" timestamp="2023-07-05T16:27:16 IST" skipped="0">
  <testcase classname="com.check.func.Login_Chief_OHID" name="doLogin" time="173.013"/>
</testsuite> <!-- com.check.func.Login_Chief_OHID -->
