<?xml version="1.0" encoding="UTF-8"?>
<!-- Generated by org.testng.reporters.JUnitReportReporter -->
<testsuite hostname="MacBook-Air" failures="0" tests="1" name="com.createIncident.ios.CreateIncident_122" time="1116.573" errors="0" timestamp="2023-08-21T13:01:02 IST" skipped="0">
  <testcase classname="com.createIncident.ios.CreateIncident_122" name="ts01incident" time="1116.573"/>
</testsuite> <!-- com.createIncident.ios.CreateIncident_122 -->
