<?xml version="1.0" encoding="UTF-8"?>
<!-- Generated by org.testng.reporters.JUnitReportReporter -->
<testsuite hostname="Mac-mini" failures="0" tests="1" name="CreatNew.AddWithAnotherFireDeptStaff" time="25.994" errors="0" timestamp="2023-07-06T10:33:06 IST" skipped="0">
  <testcase classname="CreatNew.AddWithAnotherFireDeptStaff" name="doLogin" time="25.994"/>
</testsuite> <!-- CreatNew.AddWithAnotherFireDeptStaff -->
