<?xml version="1.0" encoding="UTF-8"?>
<!-- Generated by org.testng.reporters.JUnitReportReporter -->
<testsuite hostname="Mac-mini" failures="0" tests="1" name="com.check.func.myworkqueuetest" time="71.913" errors="0" timestamp="2023-07-05T12:03:23 IST" skipped="0">
  <testcase classname="com.check.func.myworkqueuetest" name="ts01workqueuw" time="71.913">
    <system-out>
      <![CDATA[Checking:Issue date is display
Expected: true
Actual: true
Checking:Create date is display
Expected: true
Actual: true
Checking:Issue date is display
Expected: true
Actual: true
Checking:Create incident Displayed
Expected: true
Actual: true]]>
    </system-out>
  </testcase> <!-- ts01workqueuw -->
  <system-out>
    <![CDATA[Checking:Issue date is display
Expected: true
Actual: true
Checking:Create date is display
Expected: true
Actual: true
Checking:Issue date is display
Expected: true
Actual: true
Checking:Create incident Displayed
Expected: true
Actual: true]]>
  </system-out>
</testsuite> <!-- com.check.func.myworkqueuetest -->
