<?xml version="1.0" encoding="UTF-8"?>
<!-- Generated by org.testng.reporters.JUnitReportReporter -->
<testsuite hostname="MacBook-Air.local" failures="0" tests="8" name="com.createIncident.ios.CreateIncident_116" time="4266.410" errors="0" timestamp="2023-08-20T17:34:50 IST" skipped="0">
  <testcase classname="com.createIncident.ios.CreateIncident_116" name="ts01incident" time="1455.438"/>
  <testcase classname="com.createIncident.ios.CreateIncident_116" name="ts02incident" time="746.049"/>
  <testcase classname="com.createIncident.ios.CreateIncident_116" name="ts03incident" time="848.234"/>
  <testcase classname="com.createIncident.ios.CreateIncident_116" name="ts04incident" time="551.941"/>
  <testcase classname="com.createIncident.ios.CreateIncident_116" name="ts05incident" time="35.466"/>
  <testcase classname="com.createIncident.ios.CreateIncident_116" name="ts06incident" time="25.362"/>
  <testcase classname="com.createIncident.ios.CreateIncident_116" name="ts07incident" time="231.447"/>
  <testcase classname="com.createIncident.ios.CreateIncident_116" name="ts08incident" time="372.473"/>
</testsuite> <!-- com.createIncident.ios.CreateIncident_116 -->
