<?xml version="1.0" encoding="UTF-8"?>
<!-- Generated by org.testng.reporters.JUnitReportReporter -->
<testsuite hostname="MacBook-Air" failures="0" tests="1" name="CreatNew.Login_Chief_OHID" time="54.270" errors="0" timestamp="2023-08-29T13:53:29 IST" skipped="0">
  <testcase classname="CreatNew.Login_Chief_OHID" name="doLogin" time="54.270"/>
</testsuite> <!-- CreatNew.Login_Chief_OHID -->
