<?xml version="1.0" encoding="UTF-8"?>
<!-- Generated by org.testng.reporters.JUnitReportReporter -->
<testsuite hostname="MacBook-Air.local" failures="0" tests="8" name="com.createIncident.ios.CreateIncident_155" time="2859.096" errors="0" timestamp="2023-08-23T13:52:33 IST" skipped="0">
  <testcase classname="com.createIncident.ios.CreateIncident_155" name="ts01incident" time="839.711"/>
  <testcase classname="com.createIncident.ios.CreateIncident_155" name="ts02incident" time="567.587"/>
  <testcase classname="com.createIncident.ios.CreateIncident_155" name="ts03incident" time="748.404"/>
  <testcase classname="com.createIncident.ios.CreateIncident_155" name="ts04incident" time="5.671"/>
  <testcase classname="com.createIncident.ios.CreateIncident_155" name="ts05incident" time="102.457"/>
  <testcase classname="com.createIncident.ios.CreateIncident_155" name="ts06incident" time="140.321"/>
  <testcase classname="com.createIncident.ios.CreateIncident_155" name="ts07incident" time="174.112"/>
  <testcase classname="com.createIncident.ios.CreateIncident_155" name="ts08incident" time="280.833"/>
</testsuite> <!-- com.createIncident.ios.CreateIncident_155 -->
