<?xml version="1.0" encoding="UTF-8"?>
<!-- Generated by org.testng.reporters.JUnitReportReporter -->
<testsuite hostname="Mac-mini.local" failures="0" tests="1" name="CreatNew.CreatNewStaff" time="384.440" errors="0" timestamp="2023-07-07T14:23:29 IST" skipped="0">
  <testcase classname="CreatNew.CreatNewStaff" name="doLogin" time="384.440">
    <system-out>
      <![CDATA[Checking:Thank You
Expected: true
Actual: true
Checking:Case number   is display
Expected: true
Actual: true
Checking:Application Name   is display
Expected: true
Actual: true
Checking:iam  is display
Expected: true
Actual: true
Checking:TypeandselectCounty  is display
Expected: true
Actual: true
Checking:Caseinfo  is display
Expected: true
Actual: true
Checking:selectfireDept  is display
Expected: true
Actual: true
Checking:FDID  is display
Expected: true
Actual: true
Checking:yourofficial  is display
Expected: true
Actual: true
Checking:DPScertificatenumber  is display
Expected: true
Actual: true
Checking:Status  is display
Expected: true
Actual: true
Checking:RequestedOn  is display
Expected: true
Actual: true
Checking:Modifiedon  is display
Expected: true
Actual: true
Checking:District  is display
Expected: true
Actual: true
Checking:CaseActions  is display
Expected: true
Actual: true
Checking:change status  is display
Expected: true
Actual: true
Checking:Submit btn is display
Expected: true
Actual: true]]>
    </system-out>
  </testcase> <!-- doLogin -->
  <system-out>
    <![CDATA[Checking:Thank You
Expected: true
Actual: true
Checking:Case number   is display
Expected: true
Actual: true
Checking:Application Name   is display
Expected: true
Actual: true
Checking:iam  is display
Expected: true
Actual: true
Checking:TypeandselectCounty  is display
Expected: true
Actual: true
Checking:Caseinfo  is display
Expected: true
Actual: true
Checking:selectfireDept  is display
Expected: true
Actual: true
Checking:FDID  is display
Expected: true
Actual: true
Checking:yourofficial  is display
Expected: true
Actual: true
Checking:DPScertificatenumber  is display
Expected: true
Actual: true
Checking:Status  is display
Expected: true
Actual: true
Checking:RequestedOn  is display
Expected: true
Actual: true
Checking:Modifiedon  is display
Expected: true
Actual: true
Checking:District  is display
Expected: true
Actual: true
Checking:CaseActions  is display
Expected: true
Actual: true
Checking:change status  is display
Expected: true
Actual: true
Checking:Submit btn is display
Expected: true
Actual: true]]>
  </system-out>
</testsuite> <!-- CreatNew.CreatNewStaff -->
